2015-11-22 11:22:35,483 [Worker-1] INFO  o.e.m.c.i.l.LifecycleMappingFactory - Using org.eclipse.m2e.jdt.JarLifecycleMapping lifecycle mapping for MavenProject: com.prchny:commons:5.0.3 @ D:\dev\workspace\PrchnyBase\PrchnyBase\commons\pom.xml.
2015-11-22 11:22:36,055 [Worker-1] INFO  o.e.m.c.i.l.LifecycleMappingFactory - Using org.eclipse.m2e.jdt.JarLifecycleMapping lifecycle mapping for MavenProject: com.prchny:service:5.0.3 @ D:\dev\workspace\PrchnyBase\PrchnyBase\service\pom.xml.
2015-11-22 11:22:36,480 [Worker-1] INFO  o.e.m.c.i.l.LifecycleMappingFactory - Using org.eclipse.m2e.jdt.JarLifecycleMapping lifecycle mapping for MavenProject: com.prchny:ws-client:5.0.3 @ D:\dev\workspace\PrchnyBase\PrchnyBase\ws-client\pom.xml.
2015-11-22 11:22:36,797 [Worker-1] INFO  o.e.m.c.i.l.LifecycleMappingFactory - Using org.eclipse.m2e.jdt.JarLifecycleMapping lifecycle mapping for MavenProject: com.prchny:notification:5.0.3 @ D:\dev\workspace\PrchnyBase\PrchnyBase\notification\pom.xml.
2015-11-22 11:22:37,488 [Worker-1] INFO  o.e.m.c.i.l.LifecycleMappingFactory - Using org.eclipse.m2e.jdt.JarLifecycleMapping lifecycle mapping for MavenProject: com.prchny:rules:5.0.3 @ D:\dev\workspace\PrchnyBase\PrchnyBase\rules\pom.xml.
2015-11-22 11:22:37,940 [Worker-1] INFO  o.e.m.c.i.l.LifecycleMappingFactory - Using org.eclipse.m2e.jdt.JarLifecycleMapping lifecycle mapping for MavenProject: com.prchny:cache:5.0.3 @ D:\dev\workspace\PrchnyBase\PrchnyBase\cache\pom.xml.
2015-11-22 11:22:38,124 [Worker-1] INFO  o.e.m.c.i.l.LifecycleMappingFactory - Using org.eclipse.m2e.jdt.JarLifecycleMapping lifecycle mapping for MavenProject: com.prchny:misc:5.0.3 @ D:\dev\workspace\PrchnyBase\PrchnyBase\misc\pom.xml.
2015-11-22 11:22:40,947 [Worker-1] INFO  o.e.m.j.i.AbstractJavaProjectConfigurator - Adding source folder /commons/src/main/java
2015-11-22 11:22:40,948 [Worker-1] INFO  o.e.m.j.i.AbstractJavaProjectConfigurator - Adding source folder /commons/src/test/java
2015-11-22 11:22:41,184 [Worker-1] INFO  o.e.m.j.i.AbstractJavaProjectConfigurator - Adding source folder /ws-client/src/main/java
2015-11-22 11:22:41,185 [Worker-1] INFO  o.e.m.j.i.AbstractJavaProjectConfigurator - Adding source folder /ws-client/src/test/java
2015-11-22 11:22:41,351 [Worker-1] INFO  o.e.m.j.i.AbstractJavaProjectConfigurator - Adding source folder /cache/src/main/java
2015-11-22 11:22:41,352 [Worker-1] INFO  o.e.m.j.i.AbstractJavaProjectConfigurator - Adding source folder /cache/src/test/java
2015-11-22 11:22:42,535 [Worker-1] INFO  o.e.m.j.i.AbstractJavaProjectConfigurator - Adding source folder /notification/src/main/java
2015-11-22 11:22:42,535 [Worker-1] INFO  o.e.m.j.i.AbstractJavaProjectConfigurator - Adding source folder /notification/src/test/java
2015-11-22 11:22:43,474 [Worker-1] INFO  o.e.m.j.i.AbstractJavaProjectConfigurator - Adding source folder /misc/src/main/java
2015-11-22 11:22:43,475 [Worker-1] INFO  o.e.m.j.i.AbstractJavaProjectConfigurator - Adding source folder /misc/src/test/java
2015-11-22 11:22:43,639 [Worker-1] INFO  o.e.m.j.i.AbstractJavaProjectConfigurator - Adding source folder /rules/src/main/java
2015-11-22 11:22:43,640 [Worker-1] INFO  o.e.m.j.i.AbstractJavaProjectConfigurator - Adding source folder /rules/src/test/java
2015-11-22 11:22:43,831 [Worker-1] INFO  o.e.m.j.i.AbstractJavaProjectConfigurator - Adding source folder /service/src/main/java
2015-11-22 11:22:43,832 [Worker-1] INFO  o.e.m.j.i.AbstractJavaProjectConfigurator - Adding resource folder /service/src/main/resources
2015-11-22 11:22:43,834 [Worker-1] INFO  o.e.m.j.i.AbstractJavaProjectConfigurator - Adding source folder /service/src/test/java
2015-11-22 11:22:43,834 [Worker-1] INFO  o.e.m.j.i.AbstractJavaProjectConfigurator - Adding resource folder /service/src/test/resources
2015-11-22 11:22:44,024 [Worker-1] INFO  o.e.m.c.i.p.ProjectConfigurationManager - Imported and configured 7 project(s) in 11 sec
2015-11-22 11:22:46,867 [Worker-6] INFO  o.e.m.c.i.embedder.EclipseLogger - Using 'UTF-8' encoding to copy filtered resources.
2015-11-22 11:22:46,876 [Worker-6] INFO  o.e.m.c.i.embedder.EclipseLogger - Copying 0 resource
2015-11-22 11:22:46,880 [Worker-6] INFO  o.e.m.c.i.embedder.EclipseLogger - Using 'UTF-8' encoding to copy filtered resources.
2015-11-22 11:22:46,880 [Worker-6] INFO  o.e.m.c.i.embedder.EclipseLogger - skip non existing resourceDirectory D:\dev\workspace\PrchnyBase\PrchnyBase\commons\src\main\resources
2015-11-22 11:22:46,884 [Worker-6] INFO  o.e.m.c.i.embedder.EclipseLogger - Using 'UTF-8' encoding to copy filtered resources.
2015-11-22 11:22:46,884 [Worker-6] INFO  o.e.m.c.i.embedder.EclipseLogger - skip non existing resourceDirectory D:\dev\workspace\PrchnyBase\PrchnyBase\commons\src\test\resources
2015-11-22 11:22:47,385 [Worker-6] INFO  o.e.m.c.i.embedder.EclipseLogger - Using 'UTF-8' encoding to copy filtered resources.
2015-11-22 11:22:47,386 [Worker-6] INFO  o.e.m.c.i.embedder.EclipseLogger - Copying 0 resource
2015-11-22 11:22:47,387 [Worker-6] INFO  o.e.m.c.i.embedder.EclipseLogger - Using 'UTF-8' encoding to copy filtered resources.
2015-11-22 11:22:47,387 [Worker-6] INFO  o.e.m.c.i.embedder.EclipseLogger - skip non existing resourceDirectory D:\dev\workspace\PrchnyBase\PrchnyBase\cache\src\main\resources
2015-11-22 11:22:47,389 [Worker-6] INFO  o.e.m.c.i.embedder.EclipseLogger - Using 'UTF-8' encoding to copy filtered resources.
2015-11-22 11:22:47,389 [Worker-6] INFO  o.e.m.c.i.embedder.EclipseLogger - skip non existing resourceDirectory D:\dev\workspace\PrchnyBase\PrchnyBase\cache\src\test\resources
2015-11-22 11:22:48,760 [Worker-6] INFO  o.e.m.c.i.embedder.EclipseLogger - Using 'UTF-8' encoding to copy filtered resources.
2015-11-22 11:22:48,761 [Worker-6] INFO  o.e.m.c.i.embedder.EclipseLogger - Copying 0 resource
2015-11-22 11:22:48,762 [Worker-6] INFO  o.e.m.c.i.embedder.EclipseLogger - Using 'UTF-8' encoding to copy filtered resources.
2015-11-22 11:22:48,762 [Worker-6] INFO  o.e.m.c.i.embedder.EclipseLogger - skip non existing resourceDirectory D:\dev\workspace\PrchnyBase\PrchnyBase\misc\src\main\resources
2015-11-22 11:22:48,764 [Worker-6] INFO  o.e.m.c.i.embedder.EclipseLogger - Using 'UTF-8' encoding to copy filtered resources.
2015-11-22 11:22:48,764 [Worker-6] INFO  o.e.m.c.i.embedder.EclipseLogger - skip non existing resourceDirectory D:\dev\workspace\PrchnyBase\PrchnyBase\misc\src\test\resources
2015-11-22 11:22:49,314 [Worker-6] INFO  o.e.m.c.i.embedder.EclipseLogger - Using 'UTF-8' encoding to copy filtered resources.
2015-11-22 11:22:49,315 [Worker-6] INFO  o.e.m.c.i.embedder.EclipseLogger - Copying 0 resource
2015-11-22 11:22:49,317 [Worker-6] INFO  o.e.m.c.i.embedder.EclipseLogger - Using 'UTF-8' encoding to copy filtered resources.
2015-11-22 11:22:49,318 [Worker-6] INFO  o.e.m.c.i.embedder.EclipseLogger - skip non existing resourceDirectory D:\dev\workspace\PrchnyBase\PrchnyBase\rules\src\main\resources
2015-11-22 11:22:49,320 [Worker-6] INFO  o.e.m.c.i.embedder.EclipseLogger - Using 'UTF-8' encoding to copy filtered resources.
2015-11-22 11:22:49,320 [Worker-6] INFO  o.e.m.c.i.embedder.EclipseLogger - skip non existing resourceDirectory D:\dev\workspace\PrchnyBase\PrchnyBase\rules\src\test\resources
2015-11-22 11:22:50,016 [Worker-6] INFO  o.e.m.c.i.embedder.EclipseLogger - Using 'UTF-8' encoding to copy filtered resources.
2015-11-22 11:22:50,016 [Worker-6] INFO  o.e.m.c.i.embedder.EclipseLogger - Copying 0 resource
2015-11-22 11:22:50,018 [Worker-6] INFO  o.e.m.c.i.embedder.EclipseLogger - Using 'UTF-8' encoding to copy filtered resources.
2015-11-22 11:22:50,019 [Worker-6] INFO  o.e.m.c.i.embedder.EclipseLogger - Copying 3 resources
2015-11-22 11:22:50,034 [Worker-6] INFO  o.e.m.c.i.embedder.EclipseLogger - Using 'UTF-8' encoding to copy filtered resources.
2015-11-22 11:22:50,035 [Worker-6] INFO  o.e.m.c.i.embedder.EclipseLogger - Copying 5 resources
2015-11-22 11:22:50,951 [Worker-6] INFO  o.e.m.c.i.embedder.EclipseLogger - Using 'UTF-8' encoding to copy filtered resources.
2015-11-22 11:22:50,952 [Worker-6] INFO  o.e.m.c.i.embedder.EclipseLogger - Copying 0 resource
2015-11-22 11:22:50,954 [Worker-6] INFO  o.e.m.c.i.embedder.EclipseLogger - Using 'UTF-8' encoding to copy filtered resources.
2015-11-22 11:22:50,955 [Worker-6] INFO  o.e.m.c.i.embedder.EclipseLogger - skip non existing resourceDirectory D:\dev\workspace\PrchnyBase\PrchnyBase\ws-client\src\main\resources
2015-11-22 11:22:50,957 [Worker-6] INFO  o.e.m.c.i.embedder.EclipseLogger - Using 'UTF-8' encoding to copy filtered resources.
2015-11-22 11:22:50,957 [Worker-6] INFO  o.e.m.c.i.embedder.EclipseLogger - skip non existing resourceDirectory D:\dev\workspace\PrchnyBase\PrchnyBase\ws-client\src\test\resources
2015-11-22 11:22:53,078 [Worker-6] INFO  o.e.m.c.i.embedder.EclipseLogger - Using 'UTF-8' encoding to copy filtered resources.
2015-11-22 11:22:53,079 [Worker-6] INFO  o.e.m.c.i.embedder.EclipseLogger - Copying 0 resource
2015-11-22 11:22:53,081 [Worker-6] INFO  o.e.m.c.i.embedder.EclipseLogger - Using 'UTF-8' encoding to copy filtered resources.
2015-11-22 11:22:53,081 [Worker-6] INFO  o.e.m.c.i.embedder.EclipseLogger - skip non existing resourceDirectory D:\dev\workspace\PrchnyBase\PrchnyBase\notification\src\main\resources
2015-11-22 11:22:53,083 [Worker-6] INFO  o.e.m.c.i.embedder.EclipseLogger - Using 'UTF-8' encoding to copy filtered resources.
2015-11-22 11:22:53,084 [Worker-6] INFO  o.e.m.c.i.embedder.EclipseLogger - skip non existing resourceDirectory D:\dev\workspace\PrchnyBase\PrchnyBase\notification\src\test\resources
2015-11-22 11:24:25,361 [Worker-11] INFO  o.e.m.c.i.embedder.EclipseLogger - Using 'UTF-8' encoding to copy filtered resources.
2015-11-22 11:24:25,366 [Worker-11] INFO  o.e.m.c.i.embedder.EclipseLogger - Copying 0 resource
2015-11-22 11:24:25,368 [Worker-11] INFO  o.e.m.c.i.embedder.EclipseLogger - Using 'UTF-8' encoding to copy filtered resources.
2015-11-22 11:24:25,368 [Worker-11] INFO  o.e.m.c.i.embedder.EclipseLogger - skip non existing resourceDirectory D:\dev\workspace\PrchnyBase\PrchnyBase\notification\src\main\resources
2015-11-22 11:24:25,371 [Worker-11] INFO  o.e.m.c.i.embedder.EclipseLogger - Using 'UTF-8' encoding to copy filtered resources.
2015-11-22 11:24:25,371 [Worker-11] INFO  o.e.m.c.i.embedder.EclipseLogger - skip non existing resourceDirectory D:\dev\workspace\PrchnyBase\PrchnyBase\notification\src\test\resources
2015-11-22 11:24:34,047 [Worker-11] INFO  o.e.m.c.i.embedder.EclipseLogger - Using 'UTF-8' encoding to copy filtered resources.
2015-11-22 11:24:34,047 [Worker-11] INFO  o.e.m.c.i.embedder.EclipseLogger - Copying 0 resource
2015-11-22 11:24:34,050 [Worker-11] INFO  o.e.m.c.i.embedder.EclipseLogger - Using 'UTF-8' encoding to copy filtered resources.
2015-11-22 11:24:34,050 [Worker-11] INFO  o.e.m.c.i.embedder.EclipseLogger - skip non existing resourceDirectory D:\dev\workspace\PrchnyBase\PrchnyBase\commons\src\main\resources
2015-11-22 11:24:34,052 [Worker-11] INFO  o.e.m.c.i.embedder.EclipseLogger - Using 'UTF-8' encoding to copy filtered resources.
2015-11-22 11:24:34,052 [Worker-11] INFO  o.e.m.c.i.embedder.EclipseLogger - skip non existing resourceDirectory D:\dev\workspace\PrchnyBase\PrchnyBase\commons\src\test\resources
2015-11-22 11:24:34,464 [Worker-11] INFO  o.e.m.c.i.embedder.EclipseLogger - Using 'UTF-8' encoding to copy filtered resources.
2015-11-22 11:24:34,464 [Worker-11] INFO  o.e.m.c.i.embedder.EclipseLogger - Copying 0 resource
2015-11-22 11:24:34,466 [Worker-11] INFO  o.e.m.c.i.embedder.EclipseLogger - Using 'UTF-8' encoding to copy filtered resources.
2015-11-22 11:24:34,466 [Worker-11] INFO  o.e.m.c.i.embedder.EclipseLogger - skip non existing resourceDirectory D:\dev\workspace\PrchnyBase\PrchnyBase\cache\src\main\resources
2015-11-22 11:24:34,468 [Worker-11] INFO  o.e.m.c.i.embedder.EclipseLogger - Using 'UTF-8' encoding to copy filtered resources.
2015-11-22 11:24:34,468 [Worker-11] INFO  o.e.m.c.i.embedder.EclipseLogger - skip non existing resourceDirectory D:\dev\workspace\PrchnyBase\PrchnyBase\cache\src\test\resources
2015-11-22 11:24:34,974 [Worker-11] INFO  o.e.m.c.i.embedder.EclipseLogger - Using 'UTF-8' encoding to copy filtered resources.
2015-11-22 11:24:34,974 [Worker-11] INFO  o.e.m.c.i.embedder.EclipseLogger - Copying 0 resource
2015-11-22 11:24:34,977 [Worker-11] INFO  o.e.m.c.i.embedder.EclipseLogger - Using 'UTF-8' encoding to copy filtered resources.
2015-11-22 11:24:34,977 [Worker-11] INFO  o.e.m.c.i.embedder.EclipseLogger - skip non existing resourceDirectory D:\dev\workspace\PrchnyBase\PrchnyBase\misc\src\main\resources
2015-11-22 11:24:34,979 [Worker-11] INFO  o.e.m.c.i.embedder.EclipseLogger - Using 'UTF-8' encoding to copy filtered resources.
2015-11-22 11:24:34,980 [Worker-11] INFO  o.e.m.c.i.embedder.EclipseLogger - skip non existing resourceDirectory D:\dev\workspace\PrchnyBase\PrchnyBase\misc\src\test\resources
2015-11-22 11:24:35,452 [Worker-11] INFO  o.e.m.c.i.embedder.EclipseLogger - Using 'UTF-8' encoding to copy filtered resources.
2015-11-22 11:24:35,452 [Worker-11] INFO  o.e.m.c.i.embedder.EclipseLogger - Copying 0 resource
2015-11-22 11:24:35,454 [Worker-11] INFO  o.e.m.c.i.embedder.EclipseLogger - Using 'UTF-8' encoding to copy filtered resources.
2015-11-22 11:24:35,455 [Worker-11] INFO  o.e.m.c.i.embedder.EclipseLogger - skip non existing resourceDirectory D:\dev\workspace\PrchnyBase\PrchnyBase\rules\src\main\resources
2015-11-22 11:24:35,457 [Worker-11] INFO  o.e.m.c.i.embedder.EclipseLogger - Using 'UTF-8' encoding to copy filtered resources.
2015-11-22 11:24:35,457 [Worker-11] INFO  o.e.m.c.i.embedder.EclipseLogger - skip non existing resourceDirectory D:\dev\workspace\PrchnyBase\PrchnyBase\rules\src\test\resources
2015-11-22 11:24:36,035 [Worker-11] INFO  o.e.m.c.i.embedder.EclipseLogger - Using 'UTF-8' encoding to copy filtered resources.
2015-11-22 11:24:36,035 [Worker-11] INFO  o.e.m.c.i.embedder.EclipseLogger - Copying 0 resource
2015-11-22 11:24:36,037 [Worker-11] INFO  o.e.m.c.i.embedder.EclipseLogger - Using 'UTF-8' encoding to copy filtered resources.
2015-11-22 11:24:36,037 [Worker-11] INFO  o.e.m.c.i.embedder.EclipseLogger - Copying 3 resources
2015-11-22 11:24:36,041 [Worker-11] INFO  o.e.m.c.i.embedder.EclipseLogger - Using 'UTF-8' encoding to copy filtered resources.
2015-11-22 11:24:36,042 [Worker-11] INFO  o.e.m.c.i.embedder.EclipseLogger - Copying 5 resources
2015-11-22 11:24:36,507 [Worker-11] INFO  o.e.m.c.i.embedder.EclipseLogger - Using 'UTF-8' encoding to copy filtered resources.
2015-11-22 11:24:36,507 [Worker-11] INFO  o.e.m.c.i.embedder.EclipseLogger - Copying 0 resource
2015-11-22 11:24:36,509 [Worker-11] INFO  o.e.m.c.i.embedder.EclipseLogger - Using 'UTF-8' encoding to copy filtered resources.
2015-11-22 11:24:36,509 [Worker-11] INFO  o.e.m.c.i.embedder.EclipseLogger - skip non existing resourceDirectory D:\dev\workspace\PrchnyBase\PrchnyBase\ws-client\src\main\resources
2015-11-22 11:24:36,510 [Worker-11] INFO  o.e.m.c.i.embedder.EclipseLogger - Using 'UTF-8' encoding to copy filtered resources.
2015-11-22 11:24:36,510 [Worker-11] INFO  o.e.m.c.i.embedder.EclipseLogger - skip non existing resourceDirectory D:\dev\workspace\PrchnyBase\PrchnyBase\ws-client\src\test\resources
2015-11-22 11:24:37,438 [Worker-11] INFO  o.e.m.c.i.embedder.EclipseLogger - Using 'UTF-8' encoding to copy filtered resources.
2015-11-22 11:24:37,439 [Worker-11] INFO  o.e.m.c.i.embedder.EclipseLogger - Copying 0 resource
2015-11-22 11:24:37,440 [Worker-11] INFO  o.e.m.c.i.embedder.EclipseLogger - Using 'UTF-8' encoding to copy filtered resources.
2015-11-22 11:24:37,440 [Worker-11] INFO  o.e.m.c.i.embedder.EclipseLogger - skip non existing resourceDirectory D:\dev\workspace\PrchnyBase\PrchnyBase\notification\src\main\resources
2015-11-22 11:24:37,441 [Worker-11] INFO  o.e.m.c.i.embedder.EclipseLogger - Using 'UTF-8' encoding to copy filtered resources.
2015-11-22 11:24:37,441 [Worker-11] INFO  o.e.m.c.i.embedder.EclipseLogger - skip non existing resourceDirectory D:\dev\workspace\PrchnyBase\PrchnyBase\notification\src\test\resources
2015-11-22 11:25:28,139 [Worker-15] INFO  o.e.m.c.i.embedder.EclipseLogger - Using 'UTF-8' encoding to copy filtered resources.
2015-11-22 11:25:28,140 [Worker-15] INFO  o.e.m.c.i.embedder.EclipseLogger - Copying 0 resource
2015-11-22 11:25:28,144 [Worker-15] INFO  o.e.m.c.i.embedder.EclipseLogger - Using 'UTF-8' encoding to copy filtered resources.
2015-11-22 11:25:28,144 [Worker-15] INFO  o.e.m.c.i.embedder.EclipseLogger - skip non existing resourceDirectory D:\dev\workspace\PrchnyBase\PrchnyBase\commons\src\main\resources
2015-11-22 11:25:28,148 [Worker-15] INFO  o.e.m.c.i.embedder.EclipseLogger - Using 'UTF-8' encoding to copy filtered resources.
2015-11-22 11:25:28,148 [Worker-15] INFO  o.e.m.c.i.embedder.EclipseLogger - skip non existing resourceDirectory D:\dev\workspace\PrchnyBase\PrchnyBase\commons\src\test\resources
2015-11-22 11:25:28,460 [Worker-15] INFO  o.e.m.c.i.embedder.EclipseLogger - Using 'UTF-8' encoding to copy filtered resources.
2015-11-22 11:25:28,460 [Worker-15] INFO  o.e.m.c.i.embedder.EclipseLogger - Copying 0 resource
2015-11-22 11:25:28,463 [Worker-15] INFO  o.e.m.c.i.embedder.EclipseLogger - Using 'UTF-8' encoding to copy filtered resources.
2015-11-22 11:25:28,463 [Worker-15] INFO  o.e.m.c.i.embedder.EclipseLogger - skip non existing resourceDirectory D:\dev\workspace\PrchnyBase\PrchnyBase\cache\src\main\resources
2015-11-22 11:25:28,466 [Worker-15] INFO  o.e.m.c.i.embedder.EclipseLogger - Using 'UTF-8' encoding to copy filtered resources.
2015-11-22 11:25:28,466 [Worker-15] INFO  o.e.m.c.i.embedder.EclipseLogger - skip non existing resourceDirectory D:\dev\workspace\PrchnyBase\PrchnyBase\cache\src\test\resources
2015-11-22 11:25:28,842 [Worker-15] INFO  o.e.m.c.i.embedder.EclipseLogger - Using 'UTF-8' encoding to copy filtered resources.
2015-11-22 11:25:28,843 [Worker-15] INFO  o.e.m.c.i.embedder.EclipseLogger - Copying 0 resource
2015-11-22 11:25:28,845 [Worker-15] INFO  o.e.m.c.i.embedder.EclipseLogger - Using 'UTF-8' encoding to copy filtered resources.
2015-11-22 11:25:28,845 [Worker-15] INFO  o.e.m.c.i.embedder.EclipseLogger - skip non existing resourceDirectory D:\dev\workspace\PrchnyBase\PrchnyBase\misc\src\main\resources
2015-11-22 11:25:28,849 [Worker-15] INFO  o.e.m.c.i.embedder.EclipseLogger - Using 'UTF-8' encoding to copy filtered resources.
2015-11-22 11:25:28,849 [Worker-15] INFO  o.e.m.c.i.embedder.EclipseLogger - skip non existing resourceDirectory D:\dev\workspace\PrchnyBase\PrchnyBase\misc\src\test\resources
2015-11-22 11:25:29,391 [Worker-15] INFO  o.e.m.c.i.embedder.EclipseLogger - Using 'UTF-8' encoding to copy filtered resources.
2015-11-22 11:25:29,392 [Worker-15] INFO  o.e.m.c.i.embedder.EclipseLogger - Copying 0 resource
2015-11-22 11:25:29,394 [Worker-15] INFO  o.e.m.c.i.embedder.EclipseLogger - Using 'UTF-8' encoding to copy filtered resources.
2015-11-22 11:25:29,395 [Worker-15] INFO  o.e.m.c.i.embedder.EclipseLogger - skip non existing resourceDirectory D:\dev\workspace\PrchnyBase\PrchnyBase\rules\src\main\resources
2015-11-22 11:25:29,397 [Worker-15] INFO  o.e.m.c.i.embedder.EclipseLogger - Using 'UTF-8' encoding to copy filtered resources.
2015-11-22 11:25:29,397 [Worker-15] INFO  o.e.m.c.i.embedder.EclipseLogger - skip non existing resourceDirectory D:\dev\workspace\PrchnyBase\PrchnyBase\rules\src\test\resources
2015-11-22 11:25:29,709 [Worker-15] INFO  o.e.m.c.i.embedder.EclipseLogger - Using 'UTF-8' encoding to copy filtered resources.
2015-11-22 11:25:29,709 [Worker-15] INFO  o.e.m.c.i.embedder.EclipseLogger - Copying 0 resource
2015-11-22 11:25:29,712 [Worker-15] INFO  o.e.m.c.i.embedder.EclipseLogger - Using 'UTF-8' encoding to copy filtered resources.
2015-11-22 11:25:29,712 [Worker-15] INFO  o.e.m.c.i.embedder.EclipseLogger - Copying 0 resource
2015-11-22 11:25:29,714 [Worker-15] INFO  o.e.m.c.i.embedder.EclipseLogger - Using 'UTF-8' encoding to copy filtered resources.
2015-11-22 11:25:29,715 [Worker-15] INFO  o.e.m.c.i.embedder.EclipseLogger - Copying 0 resource
2015-11-22 11:25:30,077 [Worker-15] INFO  o.e.m.c.i.embedder.EclipseLogger - Using 'UTF-8' encoding to copy filtered resources.
2015-11-22 11:25:30,078 [Worker-15] INFO  o.e.m.c.i.embedder.EclipseLogger - Copying 0 resource
2015-11-22 11:25:30,080 [Worker-15] INFO  o.e.m.c.i.embedder.EclipseLogger - Using 'UTF-8' encoding to copy filtered resources.
2015-11-22 11:25:30,081 [Worker-15] INFO  o.e.m.c.i.embedder.EclipseLogger - skip non existing resourceDirectory D:\dev\workspace\PrchnyBase\PrchnyBase\ws-client\src\main\resources
2015-11-22 11:25:30,083 [Worker-15] INFO  o.e.m.c.i.embedder.EclipseLogger - Using 'UTF-8' encoding to copy filtered resources.
2015-11-22 11:25:30,083 [Worker-15] INFO  o.e.m.c.i.embedder.EclipseLogger - skip non existing resourceDirectory D:\dev\workspace\PrchnyBase\PrchnyBase\ws-client\src\test\resources
2015-11-22 11:25:30,859 [Worker-15] INFO  o.e.m.c.i.embedder.EclipseLogger - Using 'UTF-8' encoding to copy filtered resources.
2015-11-22 11:25:30,859 [Worker-15] INFO  o.e.m.c.i.embedder.EclipseLogger - Copying 0 resource
2015-11-22 11:25:30,862 [Worker-15] INFO  o.e.m.c.i.embedder.EclipseLogger - Using 'UTF-8' encoding to copy filtered resources.
2015-11-22 11:25:30,862 [Worker-15] INFO  o.e.m.c.i.embedder.EclipseLogger - skip non existing resourceDirectory D:\dev\workspace\PrchnyBase\PrchnyBase\notification\src\main\resources
2015-11-22 11:25:30,864 [Worker-15] INFO  o.e.m.c.i.embedder.EclipseLogger - Using 'UTF-8' encoding to copy filtered resources.
2015-11-22 11:25:30,865 [Worker-15] INFO  o.e.m.c.i.embedder.EclipseLogger - skip non existing resourceDirectory D:\dev\workspace\PrchnyBase\PrchnyBase\notification\src\test\resources
2015-11-22 11:25:54,204 [Worker-14] INFO  o.e.m.c.i.embedder.EclipseLogger - Using 'UTF-8' encoding to copy filtered resources.
2015-11-22 11:25:54,205 [Worker-14] INFO  o.e.m.c.i.embedder.EclipseLogger - Copying 0 resource
2015-11-22 11:25:54,207 [Worker-14] INFO  o.e.m.c.i.embedder.EclipseLogger - Using 'UTF-8' encoding to copy filtered resources.
2015-11-22 11:25:54,207 [Worker-14] INFO  o.e.m.c.i.embedder.EclipseLogger - skip non existing resourceDirectory D:\dev\workspace\PrchnyBase\PrchnyBase\notification\src\main\resources
2015-11-22 11:25:54,208 [Worker-14] INFO  o.e.m.c.i.embedder.EclipseLogger - Using 'UTF-8' encoding to copy filtered resources.
2015-11-22 11:25:54,208 [Worker-14] INFO  o.e.m.c.i.embedder.EclipseLogger - skip non existing resourceDirectory D:\dev\workspace\PrchnyBase\PrchnyBase\notification\src\test\resources
2015-11-22 11:26:05,454 [Worker-9] INFO  o.e.m.c.i.embedder.EclipseLogger - Using 'UTF-8' encoding to copy filtered resources.
2015-11-22 11:26:05,455 [Worker-9] INFO  o.e.m.c.i.embedder.EclipseLogger - Copying 0 resource
2015-11-22 11:26:05,459 [Worker-9] INFO  o.e.m.c.i.embedder.EclipseLogger - Using 'UTF-8' encoding to copy filtered resources.
2015-11-22 11:26:05,460 [Worker-9] INFO  o.e.m.c.i.embedder.EclipseLogger - skip non existing resourceDirectory D:\dev\workspace\PrchnyBase\PrchnyBase\notification\src\main\resources
2015-11-22 11:26:05,463 [Worker-9] INFO  o.e.m.c.i.embedder.EclipseLogger - Using 'UTF-8' encoding to copy filtered resources.
2015-11-22 11:26:05,464 [Worker-9] INFO  o.e.m.c.i.embedder.EclipseLogger - skip non existing resourceDirectory D:\dev\workspace\PrchnyBase\PrchnyBase\notification\src\test\resources
2015-11-22 11:26:17,019 [Worker-16] INFO  o.e.m.c.i.embedder.EclipseLogger - Using 'UTF-8' encoding to copy filtered resources.
2015-11-22 11:26:17,019 [Worker-16] INFO  o.e.m.c.i.embedder.EclipseLogger - Copying 0 resource
2015-11-22 11:26:17,021 [Worker-16] INFO  o.e.m.c.i.embedder.EclipseLogger - Using 'UTF-8' encoding to copy filtered resources.
2015-11-22 11:26:17,021 [Worker-16] INFO  o.e.m.c.i.embedder.EclipseLogger - skip non existing resourceDirectory D:\dev\workspace\PrchnyBase\PrchnyBase\notification\src\main\resources
2015-11-22 11:26:17,022 [Worker-16] INFO  o.e.m.c.i.embedder.EclipseLogger - Using 'UTF-8' encoding to copy filtered resources.
2015-11-22 11:26:17,022 [Worker-16] INFO  o.e.m.c.i.embedder.EclipseLogger - skip non existing resourceDirectory D:\dev\workspace\PrchnyBase\PrchnyBase\notification\src\test\resources
2015-11-22 11:26:49,615 [Worker-14] INFO  o.e.m.c.i.embedder.EclipseLogger - Using 'UTF-8' encoding to copy filtered resources.
2015-11-22 11:26:49,616 [Worker-14] INFO  o.e.m.c.i.embedder.EclipseLogger - Copying 0 resource
2015-11-22 11:26:49,620 [Worker-14] INFO  o.e.m.c.i.embedder.EclipseLogger - Using 'UTF-8' encoding to copy filtered resources.
2015-11-22 11:26:49,621 [Worker-14] INFO  o.e.m.c.i.embedder.EclipseLogger - skip non existing resourceDirectory D:\dev\workspace\PrchnyBase\PrchnyBase\notification\src\main\resources
2015-11-22 11:26:49,624 [Worker-14] INFO  o.e.m.c.i.embedder.EclipseLogger - Using 'UTF-8' encoding to copy filtered resources.
2015-11-22 11:26:49,624 [Worker-14] INFO  o.e.m.c.i.embedder.EclipseLogger - skip non existing resourceDirectory D:\dev\workspace\PrchnyBase\PrchnyBase\notification\src\test\resources
2015-11-22 11:26:55,071 [Worker-9] INFO  o.e.m.c.i.embedder.EclipseLogger - Using 'UTF-8' encoding to copy filtered resources.
2015-11-22 11:26:55,072 [Worker-9] INFO  o.e.m.c.i.embedder.EclipseLogger - Copying 0 resource
2015-11-22 11:26:55,075 [Worker-9] INFO  o.e.m.c.i.embedder.EclipseLogger - Using 'UTF-8' encoding to copy filtered resources.
2015-11-22 11:26:55,075 [Worker-9] INFO  o.e.m.c.i.embedder.EclipseLogger - skip non existing resourceDirectory D:\dev\workspace\PrchnyBase\PrchnyBase\notification\src\main\resources
2015-11-22 11:26:55,077 [Worker-9] INFO  o.e.m.c.i.embedder.EclipseLogger - Using 'UTF-8' encoding to copy filtered resources.
2015-11-22 11:26:55,077 [Worker-9] INFO  o.e.m.c.i.embedder.EclipseLogger - skip non existing resourceDirectory D:\dev\workspace\PrchnyBase\PrchnyBase\notification\src\test\resources
